2025-09-17 11:35:46,864 [INFO] Activator:176 - 


2025-09-17 11:35:46,871 [INFO] Activator:177 - !SESSION log4j initialized
2025-09-17 11:35:55,047 [INFO] LogOutputStream:77 - [STDOUT_REDIRECT] 
2025-09-17 11:35:58,676 [INFO] ApplicationProperties:184 - Using Application install path: C:\ST\STM32CubeIDE_1.18.0\STM32CubeIDE\plugins\com.st.stm32cube.common.mx_6.15.0.202507011659
2025-09-17 11:35:58,698 [INFO] DbMcusXml:78 - Set database path to: C:\ST\STM32CubeIDE_1.18.0\STM32CubeIDE\plugins\com.st.stm32cube.common.mx_6.15.0.202507011659\\db\/mcu/
2025-09-17 11:35:58,698 [INFO] ApiDb:274 - Set plugin database path to: C:\ST\STM32CubeIDE_1.18.0\STM32CubeIDE\plugins\com.st.stm32cube.common.mx_6.15.0.202507011659\\db\/plugins/boardmanager/
2025-09-17 11:35:58,699 [WARN] ApiDb:259 - Overriding images path with different value:  => C:\ST\STM32CubeIDE_1.18.0\STM32CubeIDE\plugins\com.st.stm32cube.common.mx_6.15.0.202507011659\\db\/plugins/mcufinder/images/
2025-09-17 11:35:58,713 [INFO] ApiDb:250 - Set database path to: C:\Users\anish\.stmcufinder\plugins\mcufinder//mcu/
2025-09-17 11:35:58,714 [INFO] DbMcusAds:125 - Set database path to: C:\Users\anish\.stmcufinder\plugins\mcufinder//mcu/
2025-09-17 11:35:58,718 [INFO] CrossReferenceDbSqlite:203 - Set database path to: C:\Users\anish\.stmcufinder\plugins\mcufinder//mcu/cs/
2025-09-17 11:35:58,843 [INFO] RulesReader:64 - Compatibility file has been processed (317 Rules)
2025-09-17 11:35:58,950 [INFO] DbMcusXml:78 - Set database path to: C:\ST\STM32CubeIDE_1.18.0\STM32CubeIDE\plugins\com.st.stm32cube.common.mx_6.15.0.202507011659\\db\/mcu/
2025-09-17 11:35:58,950 [INFO] ApiDb:274 - Set plugin database path to: C:\ST\STM32CubeIDE_1.18.0\STM32CubeIDE\plugins\com.st.stm32cube.common.mx_6.15.0.202507011659\\db\/plugins/boardmanager/
2025-09-17 11:35:58,951 [INFO] ApiDb:261 - Set plugin images path to: C:\ST\STM32CubeIDE_1.18.0\STM32CubeIDE\plugins\com.st.stm32cube.common.mx_6.15.0.202507011659\\db\/plugins/mcufinder/images/
2025-09-17 11:35:58,951 [WARN] DbFile:41 - Overriding database path with different value: C:\Users\anish\.stmcufinder\plugins\mcufinder/ => C:\Users\anish\.stmcufinder\plugins\mcufinder
2025-09-17 11:35:58,951 [INFO] ApiDb:250 - Set database path to: C:\Users\anish\.stmcufinder\plugins\mcufinder//mcu/
2025-09-17 11:35:58,951 [WARN] DbFile:41 - Overriding database path with different value: C:\Users\anish\.stmcufinder\plugins\mcufinder/ => C:\Users\anish\.stmcufinder\plugins\mcufinder
2025-09-17 11:35:58,951 [INFO] DbMcusAds:125 - Set database path to: C:\Users\anish\.stmcufinder\plugins\mcufinder//mcu/
2025-09-17 11:35:58,951 [WARN] DbFile:41 - Overriding database path with different value: C:\Users\anish\.stmcufinder\plugins\mcufinder/ => C:\Users\anish\.stmcufinder\plugins\mcufinder
2025-09-17 11:35:58,951 [WARN] DbFile:41 - Overriding database path with different value: C:\Users\anish\.stmcufinder\plugins\mcufinder/ => C:\Users\anish\.stmcufinder\plugins\mcufinder
2025-09-17 11:35:58,951 [INFO] CrossReferenceDbSqlite:203 - Set database path to: C:\Users\anish\.stmcufinder\plugins\mcufinder//mcu/cs/
2025-09-17 11:35:59,041 [INFO] MainPanel:274 - HeapMemory: 268435456
2025-09-17 11:35:59,191 [INFO] DbMcusXml:78 - Set database path to: C:\ST\STM32CubeIDE_1.18.0\STM32CubeIDE\plugins\com.st.stm32cube.common.mx_6.15.0.202507011659\\db\/mcu/
2025-09-17 11:35:59,191 [INFO] ApiDb:274 - Set plugin database path to: C:\ST\STM32CubeIDE_1.18.0\STM32CubeIDE\plugins\com.st.stm32cube.common.mx_6.15.0.202507011659\\db\/plugins/boardmanager/
2025-09-17 11:35:59,191 [INFO] ApiDb:261 - Set plugin images path to: C:\ST\STM32CubeIDE_1.18.0\STM32CubeIDE\plugins\com.st.stm32cube.common.mx_6.15.0.202507011659\\db\/plugins/mcufinder/images/
2025-09-17 11:35:59,191 [WARN] DbFile:41 - Overriding database path with different value: C:\Users\anish\.stmcufinder\plugins\mcufinder/ => C:\Users\anish\.stmcufinder\plugins\mcufinder
2025-09-17 11:35:59,191 [INFO] ApiDb:250 - Set database path to: C:\Users\anish\.stmcufinder\plugins\mcufinder//mcu/
2025-09-17 11:35:59,191 [WARN] DbFile:41 - Overriding database path with different value: C:\Users\anish\.stmcufinder\plugins\mcufinder/ => C:\Users\anish\.stmcufinder\plugins\mcufinder
2025-09-17 11:35:59,191 [INFO] DbMcusAds:125 - Set database path to: C:\Users\anish\.stmcufinder\plugins\mcufinder//mcu/
2025-09-17 11:35:59,191 [WARN] DbFile:41 - Overriding database path with different value: C:\Users\anish\.stmcufinder\plugins\mcufinder/ => C:\Users\anish\.stmcufinder\plugins\mcufinder
2025-09-17 11:35:59,191 [WARN] DbFile:41 - Overriding database path with different value: C:\Users\anish\.stmcufinder\plugins\mcufinder/ => C:\Users\anish\.stmcufinder\plugins\mcufinder
2025-09-17 11:35:59,191 [INFO] CrossReferenceDbSqlite:203 - Set database path to: C:\Users\anish\.stmcufinder\plugins\mcufinder//mcu/cs/
2025-09-17 11:35:59,214 [INFO] ApplicationProperties:184 - Using Application install path: C:\ST\STM32CubeIDE_1.18.0\STM32CubeIDE\plugins\com.st.stm32cube.common.mx_6.15.0.202507011659
2025-09-17 11:35:59,215 [INFO] PluginManage:196 - Search for loadable plugins [exclusion list=, ]
2025-09-17 11:35:59,217 [INFO] PluginManage:310 - Check plugin analytics
2025-09-17 11:35:59,449 [INFO] AnalyticsPlugin:253 - Accepted Software Licenses: 
2025-09-17 11:35:59,449 [INFO] AnalyticsPlugin:255 - Accepted CMSIS Pack Licenses: 
2025-09-17 11:35:59,451 [INFO] AnalyticsPlugin:257 - Accepted Firmware Licenses: FW.F4.1.28.0
2025-09-17 11:35:59,457 [INFO] PluginManage:359 - Loaded plugin analytics (category:tool,tabindex:-1)
2025-09-17 11:35:59,457 [INFO] PluginManage:310 - Check plugin cadmodel
2025-09-17 11:35:59,467 [INFO] CADModel:105 - Init CAD model plugin
2025-09-17 11:35:59,467 [INFO] PluginManage:359 - Loaded plugin cadmodel (category:power,tabindex:5)
2025-09-17 11:35:59,468 [INFO] PluginManage:310 - Check plugin clock
2025-09-17 11:35:59,484 [INFO] PluginManage:359 - Loaded plugin clock (category:base,tabindex:2)
2025-09-17 11:35:59,484 [INFO] PluginManage:310 - Check plugin ddr
2025-09-17 11:35:59,487 [INFO] PluginManage:359 - Loaded plugin ddr (category:tool,tabindex:6)
2025-09-17 11:35:59,488 [INFO] PluginManage:310 - Check plugin filemanager
2025-09-17 11:35:59,676 [INFO] PluginManage:359 - Loaded plugin filemanager (category:base,tabindex:10)
2025-09-17 11:35:59,676 [INFO] PluginManage:310 - Check plugin ipmanager
2025-09-17 11:35:59,685 [INFO] PluginManage:359 - Loaded plugin ipmanager (category:base,tabindex:5)
2025-09-17 11:35:59,686 [INFO] PluginManage:310 - Check plugin lpbam
2025-09-17 11:35:59,698 [INFO] PluginManage:359 - Loaded plugin lpbam (category:base,tabindex:0)
2025-09-17 11:35:59,698 [INFO] PluginManage:310 - Check plugin memorymap
2025-09-17 11:35:59,716 [INFO] PluginManage:359 - Loaded plugin memorymap (category:base,tabindex:4)
2025-09-17 11:35:59,716 [INFO] PluginManage:310 - Check plugin pinoutandconfiguration
2025-09-17 11:35:59,728 [INFO] PluginManage:359 - Loaded plugin pinoutandconfiguration (category:base,tabindex:1)
2025-09-17 11:35:59,728 [INFO] PluginManage:310 - Check plugin pinoutconfig
2025-09-17 11:35:59,841 [WARN] SupportedApi:132 - Cannot load RTOS API schema: s4s-elt-must-match.1: The content of 'definitions' must match (annotation?, (simpleType | complexType)?, (unique | key | keyref)*)). A problem was found starting at: attribute.
2025-09-17 11:36:00,008 [INFO] PluginManage:359 - Loaded plugin pinoutconfig (category:base,tabindex:0)
2025-09-17 11:36:00,009 [INFO] PluginManage:310 - Check plugin power
2025-09-17 11:36:00,021 [INFO] PluginManage:359 - Loaded plugin power (category:power,tabindex:4)
2025-09-17 11:36:00,021 [INFO] PluginManage:310 - Check plugin projectmanager
2025-09-17 11:36:00,038 [INFO] PluginManage:359 - Loaded plugin projectmanager (category:projectmanager,tabindex:4)
2025-09-17 11:36:00,038 [INFO] PluginManage:310 - Check plugin rif
2025-09-17 11:36:00,049 [INFO] PluginManage:359 - Loaded plugin rif (category:base,tabindex:3)
2025-09-17 11:36:00,049 [INFO] PluginManage:310 - Check plugin thirdparty
2025-09-17 11:36:00,213 [INFO] PluginManage:359 - Loaded plugin thirdparty (category:base,tabindex:-1)
2025-09-17 11:36:00,213 [WARN] IntegrityCheckThread:84 - waiting for thirdparty lock release [integrity check]
2025-09-17 11:36:00,214 [INFO] PluginManage:310 - Check plugin tools
2025-09-17 11:36:00,214 [INFO] IntegrityCheckThread:86 - entering critical section [integrity check]
2025-09-17 11:36:00,214 [INFO] ThirdPartyUpdaterWithRetryManager:70 - Updater plugin not ready yet. [1/15]
2025-09-17 11:36:00,217 [INFO] PluginManage:359 - Loaded plugin tools (category:base,tabindex:7)
2025-09-17 11:36:00,217 [INFO] PluginManage:310 - Check plugin tutovideos
2025-09-17 11:36:00,454 [INFO] PluginManage:359 - Loaded plugin tutovideos (category:base,tabindex:-1)
2025-09-17 11:36:00,455 [INFO] PluginManage:310 - Check plugin updater
2025-09-17 11:36:00,482 [INFO] PluginManage:359 - Loaded plugin updater (category:base,tabindex:12)
2025-09-17 11:36:00,482 [INFO] PluginManage:310 - Check plugin userauth
2025-09-17 11:36:00,486 [INFO] UserAuth:118 - Init User Auth plugin
2025-09-17 11:36:00,487 [INFO] PluginManage:359 - Loaded plugin userauth (category:base,tabindex:14)
2025-09-17 11:36:00,488 [INFO] PluginManage:283 - PluginManage : Loaded plugins [18]
2025-09-17 11:36:00,726 [INFO] PinOutPanel:1589 - setPackage(No Configuration,No Configuration)
2025-09-17 11:36:00,818 [INFO] CADModel:165 - CPN selected for project level
2025-09-17 11:36:00,818 [INFO] CADModel:114 - Register for checkConnection events
2025-09-17 11:36:00,841 [INFO] IPUIPlugin:80 - create IPUIPlugin
2025-09-17 11:36:00,841 [INFO] PluginManager:220 - loadIPPluginJar : add adc
2025-09-17 11:36:00,845 [INFO] IPUIPlugin:80 - create IPUIPlugin
2025-09-17 11:36:00,845 [INFO] PluginManager:220 - loadIPPluginJar : add aes
2025-09-17 11:36:00,849 [INFO] IPUIPlugin:80 - create IPUIPlugin
2025-09-17 11:36:00,849 [INFO] PluginManager:220 - loadIPPluginJar : add can
2025-09-17 11:36:00,851 [INFO] IPUIPlugin:80 - create IPUIPlugin
2025-09-17 11:36:00,852 [INFO] PluginManager:220 - loadIPPluginJar : add comp
2025-09-17 11:36:00,854 [INFO] IPUIPlugin:80 - create IPUIPlugin
2025-09-17 11:36:00,854 [INFO] PluginManager:220 - loadIPPluginJar : add cryp
2025-09-17 11:36:00,858 [INFO] IPUIPlugin:80 - create IPUIPlugin
2025-09-17 11:36:00,858 [INFO] PluginManager:220 - loadIPPluginJar : add ddr_ctrl_phy
2025-09-17 11:36:00,862 [INFO] IPUIPlugin:80 - create IPUIPlugin
2025-09-17 11:36:00,862 [INFO] PluginManager:220 - loadIPPluginJar : add dfsdm
2025-09-17 11:36:00,869 [INFO] IPUIPlugin:80 - create IPUIPlugin
2025-09-17 11:36:00,870 [INFO] PluginManager:220 - loadIPPluginJar : add dma
2025-09-17 11:36:00,873 [INFO] IPUIPlugin:80 - create IPUIPlugin
2025-09-17 11:36:00,873 [INFO] PluginManager:220 - loadIPPluginJar : add dma3
2025-09-17 11:36:00,876 [INFO] IPUIPlugin:80 - create IPUIPlugin
2025-09-17 11:36:00,876 [INFO] PluginManager:220 - loadIPPluginJar : add extmemmanager
2025-09-17 11:36:00,879 [INFO] IPUIPlugin:80 - create IPUIPlugin
2025-09-17 11:36:00,879 [INFO] PluginManager:220 - loadIPPluginJar : add fatfs
2025-09-17 11:36:00,884 [INFO] IPUIPlugin:80 - create IPUIPlugin
2025-09-17 11:36:00,884 [INFO] PluginManager:220 - loadIPPluginJar : add fmc
2025-09-17 11:36:00,892 [INFO] IPUIPlugin:80 - create IPUIPlugin
2025-09-17 11:36:00,893 [INFO] PluginManager:220 - loadIPPluginJar : add freertos
2025-09-17 11:36:00,895 [INFO] IPUIPlugin:80 - create IPUIPlugin
2025-09-17 11:36:00,895 [INFO] PluginManager:220 - loadIPPluginJar : add genericplugin
2025-09-17 11:36:00,898 [INFO] IPUIPlugin:80 - create IPUIPlugin
2025-09-17 11:36:00,899 [INFO] PluginManager:220 - loadIPPluginJar : add gfxmmu
2025-09-17 11:36:00,904 [INFO] IPUIPlugin:80 - create IPUIPlugin
2025-09-17 11:36:00,905 [INFO] PluginManager:220 - loadIPPluginJar : add gic
2025-09-17 11:36:00,910 [INFO] IPUIPlugin:80 - create IPUIPlugin
2025-09-17 11:36:00,910 [INFO] PluginManager:220 - loadIPPluginJar : add gpio
2025-09-17 11:36:00,915 [INFO] IPUIPlugin:80 - create IPUIPlugin
2025-09-17 11:36:00,915 [INFO] PluginManager:220 - loadIPPluginJar : add gtzc
2025-09-17 11:36:00,918 [INFO] IPUIPlugin:80 - create IPUIPlugin
2025-09-17 11:36:00,918 [INFO] PluginManager:220 - loadIPPluginJar : add hash
2025-09-17 11:36:00,922 [INFO] IPUIPlugin:80 - create IPUIPlugin
2025-09-17 11:36:00,923 [INFO] PluginManager:220 - loadIPPluginJar : add i2c
2025-09-17 11:36:00,925 [INFO] IPUIPlugin:80 - create IPUIPlugin
2025-09-17 11:36:00,926 [INFO] PluginManager:220 - loadIPPluginJar : add i2s
2025-09-17 11:36:00,929 [INFO] IPUIPlugin:80 - create IPUIPlugin
2025-09-17 11:36:00,929 [INFO] PluginManager:220 - loadIPPluginJar : add i3c
2025-09-17 11:36:00,933 [INFO] IPUIPlugin:80 - create IPUIPlugin
2025-09-17 11:36:00,935 [INFO] PluginManager:220 - loadIPPluginJar : add ipddr
2025-09-17 11:36:00,942 [INFO] IPUIPlugin:80 - create IPUIPlugin
2025-09-17 11:36:00,942 [INFO] PluginManager:220 - loadIPPluginJar : add linkedlist
2025-09-17 11:36:00,945 [INFO] IPUIPlugin:80 - create IPUIPlugin
2025-09-17 11:36:00,945 [INFO] PluginManager:220 - loadIPPluginJar : add lorawan
2025-09-17 11:36:00,948 [INFO] IPUIPlugin:80 - create IPUIPlugin
2025-09-17 11:36:00,948 [INFO] PluginManager:220 - loadIPPluginJar : add ltdc
2025-09-17 11:36:00,954 [INFO] IPUIPlugin:80 - create IPUIPlugin
2025-09-17 11:36:00,954 [INFO] PluginManager:220 - loadIPPluginJar : add mdma
2025-09-17 11:36:00,959 [INFO] IPUIPlugin:80 - create IPUIPlugin
2025-09-17 11:36:00,959 [INFO] PluginManager:220 - loadIPPluginJar : add nvic
2025-09-17 11:36:00,963 [INFO] IPUIPlugin:80 - create IPUIPlugin
2025-09-17 11:36:00,963 [INFO] PluginManager:220 - loadIPPluginJar : add opamp
2025-09-17 11:36:00,967 [INFO] IPUIPlugin:80 - create IPUIPlugin
2025-09-17 11:36:00,968 [INFO] PluginManager:220 - loadIPPluginJar : add openamp
2025-09-17 11:36:00,972 [INFO] IPUIPlugin:80 - create IPUIPlugin
2025-09-17 11:36:00,972 [INFO] PluginManager:220 - loadIPPluginJar : add pdm2pcm
2025-09-17 11:36:00,980 [INFO] IPUIPlugin:80 - create IPUIPlugin
2025-09-17 11:36:00,982 [INFO] PluginManager:220 - loadIPPluginJar : add plateformsettings
2025-09-17 11:36:00,984 [INFO] IPUIPlugin:80 - create IPUIPlugin
2025-09-17 11:36:00,985 [INFO] PluginManager:220 - loadIPPluginJar : add quadspi
2025-09-17 11:36:00,987 [INFO] IPUIPlugin:80 - create IPUIPlugin
2025-09-17 11:36:00,988 [INFO] PluginManager:220 - loadIPPluginJar : add radio
2025-09-17 11:36:00,993 [INFO] IPUIPlugin:80 - create IPUIPlugin
2025-09-17 11:36:00,993 [INFO] PluginManager:220 - loadIPPluginJar : add resmgrutility
2025-09-17 11:36:00,998 [INFO] IPUIPlugin:80 - create IPUIPlugin
2025-09-17 11:36:00,998 [INFO] PluginManager:220 - loadIPPluginJar : add sai
2025-09-17 11:36:01,002 [INFO] IPUIPlugin:80 - create IPUIPlugin
2025-09-17 11:36:01,003 [INFO] PluginManager:220 - loadIPPluginJar : add spi
2025-09-17 11:36:01,027 [INFO] IPUIPlugin:80 - create IPUIPlugin
2025-09-17 11:36:01,028 [INFO] PluginManager:220 - loadIPPluginJar : add stm32_wpan
2025-09-17 11:36:01,032 [INFO] IPUIPlugin:80 - create IPUIPlugin
2025-09-17 11:36:01,033 [INFO] PluginManager:220 - loadIPPluginJar : add tim
2025-09-17 11:36:01,040 [INFO] IPUIPlugin:80 - create IPUIPlugin
2025-09-17 11:36:01,040 [INFO] PluginManager:220 - loadIPPluginJar : add touchsensing
2025-09-17 11:36:01,043 [INFO] IPUIPlugin:80 - create IPUIPlugin
2025-09-17 11:36:01,044 [INFO] PluginManager:220 - loadIPPluginJar : add tracer_emb
2025-09-17 11:36:01,048 [INFO] IPUIPlugin:80 - create IPUIPlugin
2025-09-17 11:36:01,048 [INFO] PluginManager:220 - loadIPPluginJar : add ts
2025-09-17 11:36:01,052 [INFO] IPUIPlugin:80 - create IPUIPlugin
2025-09-17 11:36:01,053 [INFO] PluginManager:220 - loadIPPluginJar : add tsc
2025-09-17 11:36:01,056 [INFO] IPUIPlugin:80 - create IPUIPlugin
2025-09-17 11:36:01,056 [INFO] PluginManager:220 - loadIPPluginJar : add ucpd
2025-09-17 11:36:01,061 [INFO] IPUIPlugin:80 - create IPUIPlugin
2025-09-17 11:36:01,061 [INFO] PluginManager:220 - loadIPPluginJar : add usart
2025-09-17 11:36:01,066 [INFO] IPUIPlugin:80 - create IPUIPlugin
2025-09-17 11:36:01,066 [INFO] PluginManager:220 - loadIPPluginJar : add usbx
2025-09-17 11:36:01,235 [FATAL] Updater:351 - Updater called before beeing initialized
2025-09-17 11:36:01,269 [INFO] RulesReader:64 - Compatibility file has been processed (317 Rules)
2025-09-17 11:36:01,281 [INFO] RulesReader:64 - Compatibility file has been processed (317 Rules)
2025-09-17 11:36:01,295 [INFO] CADModel:165 - CPN selected for project level
2025-09-17 11:36:01,296 [INFO] CADModel:114 - Register for checkConnection events
2025-09-17 11:36:01,296 [FATAL] Updater:351 - Updater called before beeing initialized
2025-09-17 11:36:01,296 [ERROR] CADModel:125 - Updater not yet initialized, retry later 
2025-09-17 11:36:01,502 [FATAL] Updater:351 - Updater called before beeing initialized
2025-09-17 11:36:01,505 [INFO] CADModel:165 - CPN selected for project level
2025-09-17 11:36:01,506 [INFO] CADModel:114 - Register for checkConnection events
2025-09-17 11:36:01,506 [FATAL] Updater:351 - Updater called before beeing initialized
2025-09-17 11:36:01,506 [ERROR] CADModel:125 - Updater not yet initialized, retry later 
2025-09-17 11:36:01,509 [FATAL] Updater:351 - Updater called before beeing initialized
2025-09-17 11:36:01,656 [FATAL] Updater:351 - Updater called before beeing initialized
2025-09-17 11:36:01,661 [INFO] DbMcusAds:53 - JSON generation date=Tue Jul 08 13:44:23 IST 2025 (1751962463582)
2025-09-17 11:36:01,661 [FATAL] Updater:351 - Updater called before beeing initialized
2025-09-17 11:36:01,705 [WARN] DetailPanel:346 - Failed to get advertising image, set to default
2025-09-17 11:36:01,793 [FATAL] Updater:351 - Updater called before beeing initialized
2025-09-17 11:36:01,795 [FATAL] Updater:351 - Updater called before beeing initialized
2025-09-17 11:36:01,795 [FATAL] Updater:351 - Updater called before beeing initialized
2025-09-17 11:36:01,795 [WARN] DetailPanel:346 - Failed to get advertising image, set to default
2025-09-17 11:36:01,796 [FATAL] Updater:351 - Updater called before beeing initialized
2025-09-17 11:36:01,849 [ERROR] Updater:1198 - MainUpdater not yet initialized. External WinMGr cannot be set.
2025-09-17 11:36:01,852 [INFO] Updater:1134 - Updater Version found : 6.15.0
2025-09-17 11:36:01,870 [INFO] ApplicationProperties:184 - Using Application install path: C:\ST\STM32CubeIDE_1.18.0\STM32CubeIDE\plugins\com.st.stm32cube.common.mx_6.15.0.202507011659
2025-09-17 11:36:03,216 [INFO] ThirdPartyUpdaterWithRetryManager:70 - Updater plugin not ready yet. [2/15]
2025-09-17 11:36:03,446 [ERROR] LogOutputStream:75 - [STDERR_REDIRECT] Sep 17, 2025 11:36:03 AM java.util.prefs.WindowsPreferences <init>
2025-09-17 11:36:03,447 [ERROR] LogOutputStream:75 - [STDERR_REDIRECT] WARNING: Could not open/create prefs root node Software\JavaSoft\Prefs at root 0xffffffff80000002. Windows RegCreateKeyEx(...) returned error code 5.
2025-09-17 11:36:03,447 [ERROR] LogOutputStream:75 - [STDERR_REDIRECT] 
2025-09-17 11:36:04,039 [INFO] MainUpdater:2872 - connection check result : 10
2025-09-17 11:36:04,039 [INFO] MainUpdater:3604 - Updater definition file requires update
2025-09-17 11:36:04,040 [INFO] MainUpdater:289 - Updater Check For Update Now.
2025-09-17 11:36:04,040 [INFO] MicroXplorer:498 - Change Database Version : DB.6.0.150
2025-09-17 11:36:04,047 [INFO] McuFinderGlobals:63 - Set McuFinder mode to 2 (CubeIDE integrated)
2025-09-17 11:36:04,048 [INFO] UserAuth:487 - Internet connection configuration mode: 1
2025-09-17 11:36:04,067 [INFO] JxBrowserEngine:152 - Initiate JxBrowser Engine with user profile folder
2025-09-17 11:36:04,313 [INFO] ServerAccessManage:452 - Complete download http(s) 200
2025-09-17 11:36:04,315 [INFO] ServerAccessManage:509 - Download File updaters.zip
2025-09-17 11:36:04,500 [INFO] FileExtend:248 - Unzip File : updaters.zip
2025-09-17 11:36:04,500 [INFO] FileExtend:263 - Standard Zip Deflate
2025-09-17 11:36:05,155 [INFO] ServerAccessManage:452 - Complete download http(s) 200
2025-09-17 11:36:05,155 [INFO] ServerAccessManage:509 - Download File PacksControlFlags.xml
2025-09-17 11:36:05,291 [INFO] ServerAccessManage:452 - Complete download http(s) 200
2025-09-17 11:36:05,291 [INFO] ServerAccessManage:509 - Download File cubemx.pidx
2025-09-17 11:36:05,853 [INFO] WebApp:169 - Instantiating new browser for Auth
2025-09-17 11:36:06,217 [WARN] MainUpdater:1193 - Updater busy. Cannot search thirdparties
2025-09-17 11:36:06,218 [INFO] ThirdPartyUpdaterWithRetryManager:96 - Updater plugin is busy. [1/15]
2025-09-17 11:36:07,407 [INFO] LoadServerUpdatesThread:375 - End of LoadServerUpdate Thread
2025-09-17 11:36:07,628 [INFO] CheckServerUpdateThread:120 - End of CheckServer Thread
2025-09-17 11:36:08,395 [INFO] WebApp:463 - Apply proxy settings
2025-09-17 11:36:08,395 [INFO] WebApp:548 - Chromium requires no authentication
2025-09-17 11:36:08,407 [INFO] WebApp:491 - Direct internet connection detected
2025-09-17 11:36:08,447 [INFO] WebApp:900 - Register for checkConnection events
2025-09-17 11:36:08,447 [INFO] WebApp:463 - Apply proxy settings
2025-09-17 11:36:08,448 [INFO] WebApp:548 - Chromium requires no authentication
2025-09-17 11:36:08,448 [INFO] WebApp:491 - Direct internet connection detected
2025-09-17 11:36:08,709 [INFO] WebApp:225 - Starting web application
2025-09-17 11:36:08,710 [INFO] WebApp:593 - Web application path used C:\ST\STM32CubeIDE_1.18.0\STM32CubeIDE\plugins\com.st.stm32cube.common.mx_6.15.0.202507011659\db\plugins\mcufinder\reactClient1\index.html
2025-09-17 11:36:08,885 [INFO] UserAuth:487 - Internet connection configuration mode: 1
2025-09-17 11:36:09,463 [INFO] WebApp:191 - Connection restablished
2025-09-17 11:36:09,821 [WARN] PackLoader:240 - Cannot read IP mode file for STMicroelectronics.FP-SNS-MOTENVWB1.1.4.0
2025-09-17 11:36:09,833 [WARN] PackLoader:240 - Cannot read IP mode file for STMicroelectronics.FP-ATR-ASTRA1.2.0.2
2025-09-17 11:36:09,839 [WARN] PackLoader:240 - Cannot read IP mode file for STMicroelectronics.FP-ATR-ASTRA1.2.0.1
2025-09-17 11:36:09,854 [WARN] PackLoader:240 - Cannot read IP mode file for STMicroelectronics.X-CUBE-SMBUS.2.1.0
2025-09-17 11:36:09,868 [WARN] PackLoader:240 - Cannot read IP mode file for STMicroelectronics.X-CUBE-WB05N.1.1.0
2025-09-17 11:36:09,878 [WARN] PackLoader:240 - Cannot read IP mode file for STMicroelectronics.X-CUBE-ST60.1.0.0
2025-09-17 11:36:09,918 [WARN] PackLoader:240 - Cannot read IP mode file for STMicroelectronics.X-CUBE-AZRTOS-F7.1.1.0
2025-09-17 11:36:09,935 [WARN] PackLoader:240 - Cannot read IP mode file for STMicroelectronics.FP-SNS-FLIGHT1.5.0.2
2025-09-17 11:36:09,982 [WARN] PackLoader:240 - Cannot read IP mode file for Infineon.AIROC-Wi-Fi-Bluetooth-STM32.1.7.0
2025-09-17 11:36:10,031 [WARN] PackLoader:240 - Cannot read IP mode file for STMicroelectronics.X-CUBE-AZRTOS-H7.3.4.0
2025-09-17 11:36:10,051 [WARN] PackLoader:240 - Cannot read IP mode file for STMicroelectronics.X-CUBE-DISPLAY.3.0.0
2025-09-17 11:36:10,093 [WARN] PackLoader:240 - Cannot read IP mode file for STMicroelectronics.X-CUBE-BLE1.7.0.0
2025-09-17 11:36:10,116 [WARN] PackLoader:240 - Cannot read IP mode file for STMicroelectronics.X-CUBE-NFC10.1.0.0
2025-09-17 11:36:10,147 [WARN] PackLoader:240 - Cannot read IP mode file for STMicroelectronics.X-CUBE-BLEMGR.4.0.0
2025-09-17 11:36:10,165 [WARN] PackLoader:240 - Cannot read IP mode file for emotas.I-CUBE-CANOPEN.1.3.0
2025-09-17 11:36:10,174 [WARN] PackLoader:240 - Cannot read IP mode file for STMicroelectronics.X-CUBE-AI.10.0.0
2025-09-17 11:36:10,187 [WARN] PackLoader:240 - Cannot read IP mode file for STMicroelectronics.FP-SNS-STBOX1.2.1.0
2025-09-17 11:36:10,200 [WARN] PackLoader:240 - Cannot read IP mode file for STMicroelectronics.FP-SNS-SMARTAG2.1.2.0
2025-09-17 11:36:10,209 [WARN] PackLoader:240 - Cannot read IP mode file for STMicroelectronics.FP-SNS-FLIGHT1.5.1.0
2025-09-17 11:36:10,291 [WARN] PackLoader:240 - Cannot read IP mode file for STMicroelectronics.X-CUBE-MEMS1.11.1.0
2025-09-17 11:36:10,548 [INFO] LogOutputStream:77 - [STDOUT_REDIRECT] 1 : Invalid condition id : UX_CORESTACK_Condition cause : null
2025-09-17 11:36:10,549 [INFO] LogOutputStream:77 - [STDOUT_REDIRECT] 1 : Invalid condition id : UX_CORESTACK_Condition cause : null
2025-09-17 11:36:10,551 [INFO] LogOutputStream:77 - [STDOUT_REDIRECT] 1 : Invalid condition id : UX_CORESTACK_Condition cause : null
2025-09-17 11:36:10,553 [INFO] LogOutputStream:77 - [STDOUT_REDIRECT] 1 : Invalid condition id : UX_CORESTACK_Condition cause : null
2025-09-17 11:36:10,555 [INFO] LogOutputStream:77 - [STDOUT_REDIRECT] 1 : Invalid condition id : UX_CORESTACK_Condition cause : null
2025-09-17 11:36:10,560 [WARN] PackLoader:240 - Cannot read IP mode file for STMicroelectronics.X-CUBE-AZRTOS-WL.2.0.0
2025-09-17 11:36:10,572 [WARN] PackLoader:240 - Cannot read IP mode file for STMicroelectronics.FP-SNS-MOTENV1.5.0.0
2025-09-17 11:36:10,580 [WARN] PackLoader:240 - Cannot read IP mode file for wolfSSL.I-CUBE-wolfMQTT.1.19.0
2025-09-17 11:36:10,594 [WARN] PackLoader:240 - Cannot read IP mode file for WES.I-CUBE-Cesium.1.3.0
2025-09-17 11:36:10,605 [WARN] PackLoader:240 - Cannot read IP mode file for STMicroelectronics.X-CUBE-BLE2.3.3.0
2025-09-17 11:36:10,615 [WARN] PackLoader:240 - Cannot read IP mode file for STMicroelectronics.X-CUBE-NFC9.1.0.0
2025-09-17 11:36:10,626 [WARN] PackLoader:240 - Cannot read IP mode file for STMicroelectronics.X-CUBE-BLE1.7.1.0
2025-09-17 11:36:10,637 [WARN] PackLoader:240 - Cannot read IP mode file for STMicroelectronics.X-CUBE-EEPRMA1.5.2.0
2025-09-17 11:36:10,646 [WARN] PackLoader:240 - Cannot read IP mode file for STMicroelectronics.X-CUBE-AI.10.1.0
2025-09-17 11:36:10,726 [WARN] PackLoader:240 - Cannot read IP mode file for STMicroelectronics.X-CUBE-MEMS1.11.2.0
2025-09-17 11:36:10,878 [WARN] PackLoader:240 - Cannot read IP mode file for STMicroelectronics.X-CUBE-AZRTOS-G0.1.1.0
2025-09-17 11:36:10,891 [WARN] PackLoader:240 - Cannot read IP mode file for STMicroelectronics.X-CUBE-SAFEA1.1.2.2
2025-09-17 11:36:10,902 [WARN] PackLoader:240 - Cannot read IP mode file for STMicroelectronics.X-CUBE-NFC4.3.0.0
2025-09-17 11:36:10,916 [WARN] PackLoader:240 - Cannot read IP mode file for EmbeddedOffice.I-CUBE-FS-RTOS.1.0.1
2025-09-17 11:36:10,925 [WARN] PackLoader:240 - Cannot read IP mode file for STMicroelectronics.X-CUBE-WB05N.2.0.0
2025-09-17 11:36:10,935 [WARN] PackLoader:240 - Cannot read IP mode file for STMicroelectronics.X-CUBE-TCPP.4.2.0
2025-09-17 11:36:10,946 [WARN] PackLoader:240 - Cannot read IP mode file for RealThread.X-CUBE-RT-Thread_Nano.4.1.1
2025-09-17 11:36:10,955 [WARN] PackLoader:240 - Cannot read IP mode file for STMicroelectronics.FP-ATR-SIGFOX1.3.2.0
2025-09-17 11:36:10,964 [WARN] ConditionMgr:438 - getConditionDescription Invalid condition id : Cortex-A Device cause : null
2025-09-17 11:36:10,986 [WARN] ConditionMgr:1044 - genDependencies : Invalid condition id : Cortex-A Device cause : null
2025-09-17 11:36:10,987 [WARN] ConditionMgr:1044 - genDependencies : Invalid condition id : Cortex-A Device cause : null
2025-09-17 11:36:10,987 [WARN] ConditionMgr:1044 - genDependencies : Invalid condition id : Cortex-A Device cause : null
2025-09-17 11:36:10,997 [WARN] PackLoader:240 - Cannot read IP mode file for STMicroelectronics.X-CUBE-EEPRMA1.5.1.0
2025-09-17 11:36:11,008 [WARN] PackLoader:240 - Cannot read IP mode file for wolfSSL.I-CUBE-wolfSSL.5.7.4
2025-09-17 11:36:11,023 [WARN] PackLoader:240 - Cannot read IP mode file for ITTIA_DB.I-CUBE-ITTIADB.8.9.0
2025-09-17 11:36:11,034 [WARN] PackLoader:240 - Cannot read IP mode file for STMicroelectronics.X-CUBE-ST67W61.1.0.0
2025-09-17 11:36:11,043 [WARN] PackLoader:240 - Cannot read IP mode file for STMicroelectronics.X-CUBE-AI.10.2.0
2025-09-17 11:36:11,088 [WARN] PackLoader:240 - Cannot read IP mode file for SEGGER.I-CUBE-embOS.1.3.1
2025-09-17 11:36:11,141 [WARN] PackLoader:240 - Cannot read IP mode file for STMicroelectronics.X-CUBE-ALGOBUILD.1.4.0
2025-09-17 11:36:11,208 [WARN] PackLoader:240 - Cannot read IP mode file for STMicroelectronics.X-CUBE-MEMS1.11.3.0
2025-09-17 11:36:11,355 [WARN] PackLoader:240 - Cannot read IP mode file for STMicroelectronics.X-CUBE-AI.9.1.0
2025-09-17 11:36:11,362 [WARN] PackLoader:240 - Cannot read IP mode file for STMicroelectronics.X-CUBE-PM33A1.1.0.0
2025-09-17 11:36:11,379 [WARN] PackLoader:240 - Cannot read IP mode file for STMicroelectronics.X-CUBE-AZRTOS-F4.1.1.0
2025-09-17 11:36:11,389 [WARN] PackLoader:240 - Cannot read IP mode file for Avnet-IotConnect.X-CUBE-IoTC-DA16k-PMOD.1.0.0
2025-09-17 11:36:11,396 [WARN] PackLoader:240 - Cannot read IP mode file for STMicroelectronics.X-CUBE-ISPU.2.1.0
2025-09-17 11:36:11,404 [WARN] PackLoader:240 - Cannot read IP mode file for STMicroelectronics.X-CUBE-NFC12.1.0.0
2025-09-17 11:36:11,424 [WARN] PackLoader:240 - Cannot read IP mode file for STMicroelectronics.X-CUBE-AZRTOS-L5.2.0.0
2025-09-17 11:36:11,437 [WARN] PackLoader:240 - Cannot read IP mode file for STMicroelectronics.X-CUBE-NFC6.3.1.0
2025-09-17 11:36:11,448 [WARN] PackLoader:240 - Cannot read IP mode file for STMicroelectronics.X-CUBE-DPower.1.2.0
2025-09-17 11:36:11,455 [WARN] PackLoader:240 - Cannot read IP mode file for STMicroelectronics.X-CUBE-FREERTOS.1.3.1
2025-09-17 11:36:11,461 [WARN] PackLoader:240 - Cannot read IP mode file for STMicroelectronics.X-CUBE-FREERTOS.1.3.0
2025-09-17 11:36:11,470 [WARN] PackLoader:240 - Cannot read IP mode file for STMicroelectronics.X-CUBE-NFC7.1.0.1
2025-09-17 11:36:11,477 [WARN] PackLoader:240 - Cannot read IP mode file for STMicroelectronics.X-CUBE-DPower.1.3.0
2025-09-17 11:36:11,497 [WARN] ConditionMgr:438 - getConditionDescription Invalid condition id : LAN8742 Phy interface Condition cause : null
2025-09-17 11:36:11,499 [WARN] PackLoader:240 - Cannot read IP mode file for STMicroelectronics.X-CUBE-AZRTOS-L4.2.0.0
2025-09-17 11:36:11,500 [WARN] ConditionMgr:1044 - genDependencies : Invalid condition id : LAN8742 Phy interface Condition cause : null
2025-09-17 11:36:11,501 [WARN] ConditionMgr:1044 - genDependencies : Invalid condition id : LAN8742 Phy interface Condition cause : null
2025-09-17 11:36:11,502 [WARN] ConditionMgr:1044 - genDependencies : Invalid condition id : LAN8742 Phy interface Condition cause : null
2025-09-17 11:36:11,511 [WARN] PackLoader:240 - Cannot read IP mode file for STMicroelectronics.X-CUBE-SFXS2LP1.4.0.0
2025-09-17 11:36:11,539 [WARN] PackLoader:240 - Cannot read IP mode file for STMicroelectronics.X-CUBE-AZRTOS-H7.3.3.0
2025-09-17 11:36:11,562 [WARN] ConditionMgr:438 - getConditionDescription Invalid condition id : UX DEVICE CLASS RTOS Condition cause : null
2025-09-17 11:36:11,563 [WARN] ConditionMgr:438 - getConditionDescription Invalid condition id : UX DEVICE CLASS RTOS Condition cause : null
2025-09-17 11:36:11,566 [WARN] PackLoader:240 - Cannot read IP mode file for STMicroelectronics.X-CUBE-AZRTOS-WB.2.0.0
2025-09-17 11:36:11,567 [WARN] ConditionMgr:1044 - genDependencies : Invalid condition id : UX DEVICE CLASS RTOS Condition cause : null
2025-09-17 11:36:11,567 [WARN] ConditionMgr:1044 - genDependencies : Invalid condition id : UX DEVICE CLASS RTOS Condition cause : null
2025-09-17 11:36:11,568 [WARN] ConditionMgr:1044 - genDependencies : Invalid condition id : UX DEVICE CLASS RTOS Condition cause : null
2025-09-17 11:36:11,568 [WARN] ConditionMgr:1044 - genDependencies : Invalid condition id : UX DEVICE CLASS RTOS Condition cause : null
2025-09-17 11:36:11,569 [WARN] ConditionMgr:1044 - genDependencies : Invalid condition id : UX DEVICE CLASS RTOS Condition cause : null
2025-09-17 11:36:11,579 [WARN] PackLoader:240 - Cannot read IP mode file for STMicroelectronics.X-CUBE-GNSS1.7.0.1
2025-09-17 11:36:11,610 [WARN] PackLoader:240 - Cannot read IP mode file for STMicroelectronics.X-CUBE-TOUCHGFX.4.25.0
2025-09-17 11:36:11,623 [WARN] PackLoader:240 - Cannot read IP mode file for STMicroelectronics.FP-SNS-STBOX1.2.0.0
2025-09-17 11:36:11,646 [WARN] PackLoader:240 - Cannot read IP mode file for STMicroelectronics.X-CUBE-SUBG2.5.0.0
2025-09-17 11:36:11,672 [WARN] PackLoader:240 - Cannot read IP mode file for STMicroelectronics.X-CUBE-AZRTOS-H7RS.1.1.0
2025-09-17 11:36:11,685 [WARN] PackLoader:240 - Cannot read IP mode file for Cesanta.I-CUBE-Mongoose.7.13.0
2025-09-17 11:36:11,700 [WARN] PackLoader:240 - Cannot read IP mode file for STMicroelectronics.X-CUBE-AZRTOS-G4.2.0.0
2025-09-17 11:36:11,721 [WARN] PackLoader:240 - Cannot read IP mode file for STMicroelectronics.X-CUBE-NFC7.2.0.0
2025-09-17 11:36:11,744 [WARN] PackLoader:240 - Cannot read IP mode file for STMicroelectronics.X-CUBE-IPS.3.1.0
2025-09-17 11:36:11,758 [WARN] PackLoader:240 - Cannot read IP mode file for STMicroelectronics.X-CUBE-ALS.1.0.2
2025-09-17 11:36:11,765 [WARN] PackLoader:240 - Cannot read IP mode file for STMicroelectronics.X-CUBE-TOUCHGFX.4.24.2
2025-09-17 11:36:11,775 [WARN] PackLoader:240 - Cannot read IP mode file for STMicroelectronics.X-CUBE-STSE01.1.0.0
2025-09-17 11:36:11,783 [WARN] PackLoader:240 - Cannot read IP mode file for wolfSSL.I-CUBE-wolfTPM.3.4.0
2025-09-17 11:36:11,822 [WARN] PackLoader:240 - Cannot read IP mode file for portGmbH.I-Cube-SoM-uGOAL.1.1.0
2025-09-17 11:36:11,845 [WARN] PackLoader:240 - Cannot read IP mode file for STMicroelectronics.X-CUBE-AZRTOS-H7RS.1.0.0
2025-09-17 11:36:11,861 [WARN] PackLoader:240 - Cannot read IP mode file for STMicroelectronics.X-CUBE-TOF1.3.4.2
2025-09-17 11:36:11,879 [WARN] PackLoader:240 - Cannot read IP mode file for STMicroelectronics.X-CUBE-TOF1.3.4.3
2025-09-17 11:36:11,892 [WARN] PackLoader:240 - Cannot read IP mode file for wolfSSL.I-CUBE-wolfSSH.1.4.17
2025-09-17 11:36:11,894 [INFO] ThirdParty:978 - Integrity check success = true
2025-09-17 11:36:11,894 [INFO] IntegrityCheckThread:100 - exiting critical section [integrity check]
2025-09-17 11:36:11,894 [INFO] IntegrityCheckThread:103 - End integrity checks thread
2025-09-17 14:53:55,468 [ERROR] LogOutputStream:75 - [STDERR_REDIRECT] 
2025-09-17 22:11:45,545 [INFO] Activator:176 - 


2025-09-17 22:11:45,549 [INFO] Activator:177 - !SESSION log4j initialized
2025-09-17 22:11:54,828 [INFO] LogOutputStream:77 - [STDOUT_REDIRECT] 
2025-09-17 22:12:00,337 [INFO] ApplicationProperties:184 - Using Application install path: C:\ST\STM32CubeIDE_1.18.0\STM32CubeIDE\plugins\com.st.stm32cube.common.mx_6.15.0.202507011659
2025-09-17 22:12:00,367 [INFO] DbMcusXml:78 - Set database path to: C:\ST\STM32CubeIDE_1.18.0\STM32CubeIDE\plugins\com.st.stm32cube.common.mx_6.15.0.202507011659\\db\/mcu/
2025-09-17 22:12:00,368 [INFO] ApiDb:274 - Set plugin database path to: C:\ST\STM32CubeIDE_1.18.0\STM32CubeIDE\plugins\com.st.stm32cube.common.mx_6.15.0.202507011659\\db\/plugins/boardmanager/
2025-09-17 22:12:00,368 [WARN] ApiDb:259 - Overriding images path with different value:  => C:\ST\STM32CubeIDE_1.18.0\STM32CubeIDE\plugins\com.st.stm32cube.common.mx_6.15.0.202507011659\\db\/plugins/mcufinder/images/
2025-09-17 22:12:00,382 [INFO] ApiDb:250 - Set database path to: C:\Users\anish\.stmcufinder\plugins\mcufinder//mcu/
2025-09-17 22:12:00,384 [INFO] DbMcusAds:125 - Set database path to: C:\Users\anish\.stmcufinder\plugins\mcufinder//mcu/
2025-09-17 22:12:00,388 [INFO] CrossReferenceDbSqlite:203 - Set database path to: C:\Users\anish\.stmcufinder\plugins\mcufinder//mcu/cs/
2025-09-17 22:12:00,585 [INFO] RulesReader:64 - Compatibility file has been processed (317 Rules)
2025-09-17 22:12:00,729 [INFO] DbMcusXml:78 - Set database path to: C:\ST\STM32CubeIDE_1.18.0\STM32CubeIDE\plugins\com.st.stm32cube.common.mx_6.15.0.202507011659\\db\/mcu/
2025-09-17 22:12:00,730 [INFO] ApiDb:274 - Set plugin database path to: C:\ST\STM32CubeIDE_1.18.0\STM32CubeIDE\plugins\com.st.stm32cube.common.mx_6.15.0.202507011659\\db\/plugins/boardmanager/
2025-09-17 22:12:00,730 [INFO] ApiDb:261 - Set plugin images path to: C:\ST\STM32CubeIDE_1.18.0\STM32CubeIDE\plugins\com.st.stm32cube.common.mx_6.15.0.202507011659\\db\/plugins/mcufinder/images/
2025-09-17 22:12:00,730 [WARN] DbFile:41 - Overriding database path with different value: C:\Users\anish\.stmcufinder\plugins\mcufinder/ => C:\Users\anish\.stmcufinder\plugins\mcufinder
2025-09-17 22:12:00,730 [INFO] ApiDb:250 - Set database path to: C:\Users\anish\.stmcufinder\plugins\mcufinder//mcu/
2025-09-17 22:12:00,730 [WARN] DbFile:41 - Overriding database path with different value: C:\Users\anish\.stmcufinder\plugins\mcufinder/ => C:\Users\anish\.stmcufinder\plugins\mcufinder
2025-09-17 22:12:00,731 [INFO] DbMcusAds:125 - Set database path to: C:\Users\anish\.stmcufinder\plugins\mcufinder//mcu/
2025-09-17 22:12:00,731 [WARN] DbFile:41 - Overriding database path with different value: C:\Users\anish\.stmcufinder\plugins\mcufinder/ => C:\Users\anish\.stmcufinder\plugins\mcufinder
2025-09-17 22:12:00,731 [WARN] DbFile:41 - Overriding database path with different value: C:\Users\anish\.stmcufinder\plugins\mcufinder/ => C:\Users\anish\.stmcufinder\plugins\mcufinder
2025-09-17 22:12:00,731 [INFO] CrossReferenceDbSqlite:203 - Set database path to: C:\Users\anish\.stmcufinder\plugins\mcufinder//mcu/cs/
2025-09-17 22:12:00,845 [INFO] MainPanel:274 - HeapMemory: 268435456
2025-09-17 22:12:01,022 [INFO] DbMcusXml:78 - Set database path to: C:\ST\STM32CubeIDE_1.18.0\STM32CubeIDE\plugins\com.st.stm32cube.common.mx_6.15.0.202507011659\\db\/mcu/
2025-09-17 22:12:01,022 [INFO] ApiDb:274 - Set plugin database path to: C:\ST\STM32CubeIDE_1.18.0\STM32CubeIDE\plugins\com.st.stm32cube.common.mx_6.15.0.202507011659\\db\/plugins/boardmanager/
2025-09-17 22:12:01,022 [INFO] ApiDb:261 - Set plugin images path to: C:\ST\STM32CubeIDE_1.18.0\STM32CubeIDE\plugins\com.st.stm32cube.common.mx_6.15.0.202507011659\\db\/plugins/mcufinder/images/
2025-09-17 22:12:01,023 [WARN] DbFile:41 - Overriding database path with different value: C:\Users\anish\.stmcufinder\plugins\mcufinder/ => C:\Users\anish\.stmcufinder\plugins\mcufinder
2025-09-17 22:12:01,023 [INFO] ApiDb:250 - Set database path to: C:\Users\anish\.stmcufinder\plugins\mcufinder//mcu/
2025-09-17 22:12:01,023 [WARN] DbFile:41 - Overriding database path with different value: C:\Users\anish\.stmcufinder\plugins\mcufinder/ => C:\Users\anish\.stmcufinder\plugins\mcufinder
2025-09-17 22:12:01,023 [INFO] DbMcusAds:125 - Set database path to: C:\Users\anish\.stmcufinder\plugins\mcufinder//mcu/
2025-09-17 22:12:01,023 [WARN] DbFile:41 - Overriding database path with different value: C:\Users\anish\.stmcufinder\plugins\mcufinder/ => C:\Users\anish\.stmcufinder\plugins\mcufinder
2025-09-17 22:12:01,023 [WARN] DbFile:41 - Overriding database path with different value: C:\Users\anish\.stmcufinder\plugins\mcufinder/ => C:\Users\anish\.stmcufinder\plugins\mcufinder
2025-09-17 22:12:01,023 [INFO] CrossReferenceDbSqlite:203 - Set database path to: C:\Users\anish\.stmcufinder\plugins\mcufinder//mcu/cs/
2025-09-17 22:12:01,050 [INFO] ApplicationProperties:184 - Using Application install path: C:\ST\STM32CubeIDE_1.18.0\STM32CubeIDE\plugins\com.st.stm32cube.common.mx_6.15.0.202507011659
2025-09-17 22:12:01,051 [INFO] PluginManage:196 - Search for loadable plugins [exclusion list=, ]
2025-09-17 22:12:01,053 [INFO] PluginManage:310 - Check plugin analytics
2025-09-17 22:12:01,416 [INFO] AnalyticsPlugin:253 - Accepted Software Licenses: 
2025-09-17 22:12:01,417 [INFO] AnalyticsPlugin:255 - Accepted CMSIS Pack Licenses: 
2025-09-17 22:12:01,417 [INFO] AnalyticsPlugin:257 - Accepted Firmware Licenses: FW.F4.1.28.0
2025-09-17 22:12:01,427 [INFO] PluginManage:359 - Loaded plugin analytics (category:tool,tabindex:-1)
2025-09-17 22:12:01,428 [INFO] PluginManage:310 - Check plugin cadmodel
2025-09-17 22:12:01,441 [INFO] CADModel:105 - Init CAD model plugin
2025-09-17 22:12:01,442 [INFO] PluginManage:359 - Loaded plugin cadmodel (category:power,tabindex:5)
2025-09-17 22:12:01,442 [INFO] PluginManage:310 - Check plugin clock
2025-09-17 22:12:01,465 [INFO] PluginManage:359 - Loaded plugin clock (category:base,tabindex:2)
2025-09-17 22:12:01,465 [INFO] PluginManage:310 - Check plugin ddr
2025-09-17 22:12:01,471 [INFO] PluginManage:359 - Loaded plugin ddr (category:tool,tabindex:6)
2025-09-17 22:12:01,471 [INFO] PluginManage:310 - Check plugin filemanager
2025-09-17 22:12:01,723 [INFO] PluginManage:359 - Loaded plugin filemanager (category:base,tabindex:10)
2025-09-17 22:12:01,723 [INFO] PluginManage:310 - Check plugin ipmanager
2025-09-17 22:12:01,734 [INFO] PluginManage:359 - Loaded plugin ipmanager (category:base,tabindex:5)
2025-09-17 22:12:01,735 [INFO] PluginManage:310 - Check plugin lpbam
2025-09-17 22:12:01,748 [INFO] PluginManage:359 - Loaded plugin lpbam (category:base,tabindex:0)
2025-09-17 22:12:01,748 [INFO] PluginManage:310 - Check plugin memorymap
2025-09-17 22:12:01,774 [INFO] PluginManage:359 - Loaded plugin memorymap (category:base,tabindex:4)
2025-09-17 22:12:01,774 [INFO] PluginManage:310 - Check plugin pinoutandconfiguration
2025-09-17 22:12:01,790 [INFO] PluginManage:359 - Loaded plugin pinoutandconfiguration (category:base,tabindex:1)
2025-09-17 22:12:01,790 [INFO] PluginManage:310 - Check plugin pinoutconfig
2025-09-17 22:12:01,946 [WARN] SupportedApi:132 - Cannot load RTOS API schema: s4s-elt-must-match.1: The content of 'definitions' must match (annotation?, (simpleType | complexType)?, (unique | key | keyref)*)). A problem was found starting at: attribute.
2025-09-17 22:12:02,210 [INFO] PluginManage:359 - Loaded plugin pinoutconfig (category:base,tabindex:0)
2025-09-17 22:12:02,210 [INFO] PluginManage:310 - Check plugin power
2025-09-17 22:12:02,228 [INFO] PluginManage:359 - Loaded plugin power (category:power,tabindex:4)
2025-09-17 22:12:02,228 [INFO] PluginManage:310 - Check plugin projectmanager
2025-09-17 22:12:02,257 [INFO] PluginManage:359 - Loaded plugin projectmanager (category:projectmanager,tabindex:4)
2025-09-17 22:12:02,257 [INFO] PluginManage:310 - Check plugin rif
2025-09-17 22:12:02,274 [INFO] PluginManage:359 - Loaded plugin rif (category:base,tabindex:3)
2025-09-17 22:12:02,275 [INFO] PluginManage:310 - Check plugin thirdparty
2025-09-17 22:12:02,532 [WARN] IntegrityCheckThread:84 - waiting for thirdparty lock release [integrity check]
2025-09-17 22:12:02,533 [INFO] IntegrityCheckThread:86 - entering critical section [integrity check]
2025-09-17 22:12:02,533 [INFO] PluginManage:359 - Loaded plugin thirdparty (category:base,tabindex:-1)
2025-09-17 22:12:02,533 [INFO] PluginManage:310 - Check plugin tools
2025-09-17 22:12:02,533 [INFO] ThirdPartyUpdaterWithRetryManager:70 - Updater plugin not ready yet. [1/15]
2025-09-17 22:12:02,538 [INFO] PluginManage:359 - Loaded plugin tools (category:base,tabindex:7)
2025-09-17 22:12:02,538 [INFO] PluginManage:310 - Check plugin tutovideos
2025-09-17 22:12:02,894 [INFO] PluginManage:359 - Loaded plugin tutovideos (category:base,tabindex:-1)
2025-09-17 22:12:02,894 [INFO] PluginManage:310 - Check plugin updater
2025-09-17 22:12:02,932 [INFO] PluginManage:359 - Loaded plugin updater (category:base,tabindex:12)
2025-09-17 22:12:02,933 [INFO] PluginManage:310 - Check plugin userauth
2025-09-17 22:12:02,940 [INFO] UserAuth:118 - Init User Auth plugin
2025-09-17 22:12:02,941 [INFO] PluginManage:359 - Loaded plugin userauth (category:base,tabindex:14)
2025-09-17 22:12:02,941 [INFO] PluginManage:283 - PluginManage : Loaded plugins [18]
2025-09-17 22:12:03,302 [INFO] PinOutPanel:1589 - setPackage(No Configuration,No Configuration)
2025-09-17 22:12:03,438 [INFO] CADModel:165 - CPN selected for project level
2025-09-17 22:12:03,438 [INFO] CADModel:114 - Register for checkConnection events
2025-09-17 22:12:03,464 [INFO] IPUIPlugin:80 - create IPUIPlugin
2025-09-17 22:12:03,464 [INFO] PluginManager:220 - loadIPPluginJar : add adc
2025-09-17 22:12:03,470 [INFO] IPUIPlugin:80 - create IPUIPlugin
2025-09-17 22:12:03,470 [INFO] PluginManager:220 - loadIPPluginJar : add aes
2025-09-17 22:12:03,475 [INFO] IPUIPlugin:80 - create IPUIPlugin
2025-09-17 22:12:03,475 [INFO] PluginManager:220 - loadIPPluginJar : add can
2025-09-17 22:12:03,479 [INFO] IPUIPlugin:80 - create IPUIPlugin
2025-09-17 22:12:03,479 [INFO] PluginManager:220 - loadIPPluginJar : add comp
2025-09-17 22:12:03,483 [INFO] IPUIPlugin:80 - create IPUIPlugin
2025-09-17 22:12:03,483 [INFO] PluginManager:220 - loadIPPluginJar : add cryp
2025-09-17 22:12:03,489 [INFO] IPUIPlugin:80 - create IPUIPlugin
2025-09-17 22:12:03,489 [INFO] PluginManager:220 - loadIPPluginJar : add ddr_ctrl_phy
2025-09-17 22:12:03,494 [INFO] IPUIPlugin:80 - create IPUIPlugin
2025-09-17 22:12:03,494 [INFO] PluginManager:220 - loadIPPluginJar : add dfsdm
2025-09-17 22:12:03,503 [INFO] IPUIPlugin:80 - create IPUIPlugin
2025-09-17 22:12:03,504 [INFO] PluginManager:220 - loadIPPluginJar : add dma
2025-09-17 22:12:03,508 [INFO] IPUIPlugin:80 - create IPUIPlugin
2025-09-17 22:12:03,509 [INFO] PluginManager:220 - loadIPPluginJar : add dma3
2025-09-17 22:12:03,513 [INFO] IPUIPlugin:80 - create IPUIPlugin
2025-09-17 22:12:03,514 [INFO] PluginManager:220 - loadIPPluginJar : add extmemmanager
2025-09-17 22:12:03,518 [INFO] IPUIPlugin:80 - create IPUIPlugin
2025-09-17 22:12:03,518 [INFO] PluginManager:220 - loadIPPluginJar : add fatfs
2025-09-17 22:12:03,525 [INFO] IPUIPlugin:80 - create IPUIPlugin
2025-09-17 22:12:03,525 [INFO] PluginManager:220 - loadIPPluginJar : add fmc
2025-09-17 22:12:03,534 [INFO] IPUIPlugin:80 - create IPUIPlugin
2025-09-17 22:12:03,535 [INFO] PluginManager:220 - loadIPPluginJar : add freertos
2025-09-17 22:12:03,538 [INFO] IPUIPlugin:80 - create IPUIPlugin
2025-09-17 22:12:03,538 [INFO] PluginManager:220 - loadIPPluginJar : add genericplugin
2025-09-17 22:12:03,542 [INFO] IPUIPlugin:80 - create IPUIPlugin
2025-09-17 22:12:03,542 [INFO] PluginManager:220 - loadIPPluginJar : add gfxmmu
2025-09-17 22:12:03,550 [INFO] IPUIPlugin:80 - create IPUIPlugin
2025-09-17 22:12:03,551 [INFO] PluginManager:220 - loadIPPluginJar : add gic
2025-09-17 22:12:03,557 [INFO] IPUIPlugin:80 - create IPUIPlugin
2025-09-17 22:12:03,557 [INFO] PluginManager:220 - loadIPPluginJar : add gpio
2025-09-17 22:12:03,563 [INFO] IPUIPlugin:80 - create IPUIPlugin
2025-09-17 22:12:03,563 [INFO] PluginManager:220 - loadIPPluginJar : add gtzc
2025-09-17 22:12:03,567 [INFO] IPUIPlugin:80 - create IPUIPlugin
2025-09-17 22:12:03,567 [INFO] PluginManager:220 - loadIPPluginJar : add hash
2025-09-17 22:12:03,572 [INFO] IPUIPlugin:80 - create IPUIPlugin
2025-09-17 22:12:03,573 [INFO] PluginManager:220 - loadIPPluginJar : add i2c
2025-09-17 22:12:03,577 [INFO] IPUIPlugin:80 - create IPUIPlugin
2025-09-17 22:12:03,577 [INFO] PluginManager:220 - loadIPPluginJar : add i2s
2025-09-17 22:12:03,584 [INFO] IPUIPlugin:80 - create IPUIPlugin
2025-09-17 22:12:03,584 [INFO] PluginManager:220 - loadIPPluginJar : add i3c
2025-09-17 22:12:03,590 [INFO] IPUIPlugin:80 - create IPUIPlugin
2025-09-17 22:12:03,590 [INFO] PluginManager:220 - loadIPPluginJar : add ipddr
2025-09-17 22:12:03,599 [INFO] IPUIPlugin:80 - create IPUIPlugin
2025-09-17 22:12:03,599 [INFO] PluginManager:220 - loadIPPluginJar : add linkedlist
2025-09-17 22:12:03,606 [INFO] IPUIPlugin:80 - create IPUIPlugin
2025-09-17 22:12:03,606 [INFO] PluginManager:220 - loadIPPluginJar : add lorawan
2025-09-17 22:12:03,609 [INFO] IPUIPlugin:80 - create IPUIPlugin
2025-09-17 22:12:03,609 [INFO] PluginManager:220 - loadIPPluginJar : add ltdc
2025-09-17 22:12:03,617 [INFO] IPUIPlugin:80 - create IPUIPlugin
2025-09-17 22:12:03,617 [INFO] PluginManager:220 - loadIPPluginJar : add mdma
2025-09-17 22:12:03,623 [INFO] IPUIPlugin:80 - create IPUIPlugin
2025-09-17 22:12:03,624 [INFO] PluginManager:220 - loadIPPluginJar : add nvic
2025-09-17 22:12:03,629 [INFO] IPUIPlugin:80 - create IPUIPlugin
2025-09-17 22:12:03,630 [INFO] PluginManager:220 - loadIPPluginJar : add opamp
2025-09-17 22:12:03,636 [INFO] IPUIPlugin:80 - create IPUIPlugin
2025-09-17 22:12:03,636 [INFO] PluginManager:220 - loadIPPluginJar : add openamp
2025-09-17 22:12:03,642 [INFO] IPUIPlugin:80 - create IPUIPlugin
2025-09-17 22:12:03,642 [INFO] PluginManager:220 - loadIPPluginJar : add pdm2pcm
2025-09-17 22:12:03,652 [INFO] IPUIPlugin:80 - create IPUIPlugin
2025-09-17 22:12:03,655 [INFO] PluginManager:220 - loadIPPluginJar : add plateformsettings
2025-09-17 22:12:03,659 [INFO] IPUIPlugin:80 - create IPUIPlugin
2025-09-17 22:12:03,659 [INFO] PluginManager:220 - loadIPPluginJar : add quadspi
2025-09-17 22:12:03,663 [INFO] IPUIPlugin:80 - create IPUIPlugin
2025-09-17 22:12:03,664 [INFO] PluginManager:220 - loadIPPluginJar : add radio
2025-09-17 22:12:03,671 [INFO] IPUIPlugin:80 - create IPUIPlugin
2025-09-17 22:12:03,671 [INFO] PluginManager:220 - loadIPPluginJar : add resmgrutility
2025-09-17 22:12:03,677 [INFO] IPUIPlugin:80 - create IPUIPlugin
2025-09-17 22:12:03,677 [INFO] PluginManager:220 - loadIPPluginJar : add sai
2025-09-17 22:12:03,681 [INFO] IPUIPlugin:80 - create IPUIPlugin
2025-09-17 22:12:03,682 [INFO] PluginManager:220 - loadIPPluginJar : add spi
2025-09-17 22:12:03,691 [INFO] IPUIPlugin:80 - create IPUIPlugin
2025-09-17 22:12:03,692 [INFO] PluginManager:220 - loadIPPluginJar : add stm32_wpan
2025-09-17 22:12:03,695 [INFO] IPUIPlugin:80 - create IPUIPlugin
2025-09-17 22:12:03,695 [INFO] PluginManager:220 - loadIPPluginJar : add tim
2025-09-17 22:12:03,702 [INFO] IPUIPlugin:80 - create IPUIPlugin
2025-09-17 22:12:03,702 [INFO] PluginManager:220 - loadIPPluginJar : add touchsensing
2025-09-17 22:12:03,706 [INFO] IPUIPlugin:80 - create IPUIPlugin
2025-09-17 22:12:03,706 [INFO] PluginManager:220 - loadIPPluginJar : add tracer_emb
2025-09-17 22:12:03,710 [INFO] IPUIPlugin:80 - create IPUIPlugin
2025-09-17 22:12:03,710 [INFO] PluginManager:220 - loadIPPluginJar : add ts
2025-09-17 22:12:03,714 [INFO] IPUIPlugin:80 - create IPUIPlugin
2025-09-17 22:12:03,715 [INFO] PluginManager:220 - loadIPPluginJar : add tsc
2025-09-17 22:12:03,718 [INFO] IPUIPlugin:80 - create IPUIPlugin
2025-09-17 22:12:03,718 [INFO] PluginManager:220 - loadIPPluginJar : add ucpd
2025-09-17 22:12:03,723 [INFO] IPUIPlugin:80 - create IPUIPlugin
2025-09-17 22:12:03,724 [INFO] PluginManager:220 - loadIPPluginJar : add usart
2025-09-17 22:12:03,730 [INFO] IPUIPlugin:80 - create IPUIPlugin
2025-09-17 22:12:03,730 [INFO] PluginManager:220 - loadIPPluginJar : add usbx
2025-09-17 22:12:03,915 [FATAL] Updater:351 - Updater called before beeing initialized
2025-09-17 22:12:03,962 [INFO] RulesReader:64 - Compatibility file has been processed (317 Rules)
2025-09-17 22:12:03,983 [INFO] RulesReader:64 - Compatibility file has been processed (317 Rules)
2025-09-17 22:12:04,001 [INFO] CADModel:165 - CPN selected for project level
2025-09-17 22:12:04,001 [INFO] CADModel:114 - Register for checkConnection events
2025-09-17 22:12:04,002 [FATAL] Updater:351 - Updater called before beeing initialized
2025-09-17 22:12:04,002 [ERROR] CADModel:125 - Updater not yet initialized, retry later 
2025-09-17 22:12:04,305 [FATAL] Updater:351 - Updater called before beeing initialized
2025-09-17 22:12:04,309 [INFO] CADModel:165 - CPN selected for project level
2025-09-17 22:12:04,309 [INFO] CADModel:114 - Register for checkConnection events
2025-09-17 22:12:04,309 [FATAL] Updater:351 - Updater called before beeing initialized
2025-09-17 22:12:04,309 [ERROR] CADModel:125 - Updater not yet initialized, retry later 
2025-09-17 22:12:04,315 [FATAL] Updater:351 - Updater called before beeing initialized
2025-09-17 22:12:04,539 [FATAL] Updater:351 - Updater called before beeing initialized
2025-09-17 22:12:04,544 [INFO] DbMcusAds:53 - JSON generation date=Tue Jul 08 13:44:23 IST 2025 (1751962463582)
2025-09-17 22:12:04,545 [FATAL] Updater:351 - Updater called before beeing initialized
2025-09-17 22:12:04,598 [WARN] DetailPanel:346 - Failed to get advertising image, set to default
2025-09-17 22:12:04,722 [FATAL] Updater:351 - Updater called before beeing initialized
2025-09-17 22:12:04,724 [FATAL] Updater:351 - Updater called before beeing initialized
2025-09-17 22:12:04,724 [FATAL] Updater:351 - Updater called before beeing initialized
2025-09-17 22:12:04,725 [WARN] DetailPanel:346 - Failed to get advertising image, set to default
2025-09-17 22:12:04,726 [FATAL] Updater:351 - Updater called before beeing initialized
2025-09-17 22:12:04,794 [ERROR] Updater:1198 - MainUpdater not yet initialized. External WinMGr cannot be set.
2025-09-17 22:12:04,797 [INFO] Updater:1134 - Updater Version found : 6.15.0
2025-09-17 22:12:04,821 [INFO] ApplicationProperties:184 - Using Application install path: C:\ST\STM32CubeIDE_1.18.0\STM32CubeIDE\plugins\com.st.stm32cube.common.mx_6.15.0.202507011659
2025-09-17 22:12:05,545 [INFO] ThirdPartyUpdaterWithRetryManager:70 - Updater plugin not ready yet. [2/15]
2025-09-17 22:12:06,456 [ERROR] LogOutputStream:75 - [STDERR_REDIRECT] Sep 17, 2025 10:12:06 PM java.util.prefs.WindowsPreferences <init>
2025-09-17 22:12:06,458 [ERROR] LogOutputStream:75 - [STDERR_REDIRECT] WARNING: Could not open/create prefs root node Software\JavaSoft\Prefs at root 0xffffffff80000002. Windows RegCreateKeyEx(...) returned error code 5.
2025-09-17 22:12:06,458 [ERROR] LogOutputStream:75 - [STDERR_REDIRECT] 
2025-09-17 22:12:07,409 [INFO] MainUpdater:2872 - connection check result : 10
2025-09-17 22:12:07,410 [INFO] MainUpdater:289 - Updater Check For Update Now.
2025-09-17 22:12:07,410 [INFO] MicroXplorer:498 - Change Database Version : DB.6.0.150
2025-09-17 22:12:07,431 [INFO] McuFinderGlobals:63 - Set McuFinder mode to 2 (CubeIDE integrated)
2025-09-17 22:12:07,434 [INFO] UserAuth:487 - Internet connection configuration mode: 1
2025-09-17 22:12:07,493 [INFO] JxBrowserEngine:152 - Initiate JxBrowser Engine with user profile folder
2025-09-17 22:12:07,721 [INFO] CheckServerUpdateThread:120 - End of CheckServer Thread
2025-09-17 22:12:09,329 [WARN] PackLoader:240 - Cannot read IP mode file for STMicroelectronics.FP-SNS-MOTENVWB1.1.4.0
2025-09-17 22:12:09,341 [WARN] PackLoader:240 - Cannot read IP mode file for STMicroelectronics.FP-ATR-ASTRA1.2.0.2
2025-09-17 22:12:09,348 [WARN] PackLoader:240 - Cannot read IP mode file for STMicroelectronics.FP-ATR-ASTRA1.2.0.1
2025-09-17 22:12:09,367 [WARN] PackLoader:240 - Cannot read IP mode file for STMicroelectronics.X-CUBE-SMBUS.2.1.0
2025-09-17 22:12:09,383 [WARN] PackLoader:240 - Cannot read IP mode file for STMicroelectronics.X-CUBE-WB05N.1.1.0
2025-09-17 22:12:09,392 [INFO] WebApp:169 - Instantiating new browser for Auth
2025-09-17 22:12:09,393 [WARN] PackLoader:240 - Cannot read IP mode file for STMicroelectronics.X-CUBE-ST60.1.0.0
2025-09-17 22:12:09,503 [WARN] PackLoader:240 - Cannot read IP mode file for STMicroelectronics.X-CUBE-AZRTOS-F7.1.1.0
2025-09-17 22:12:09,519 [WARN] PackLoader:240 - Cannot read IP mode file for STMicroelectronics.FP-SNS-FLIGHT1.5.0.2
2025-09-17 22:12:09,567 [WARN] PackLoader:240 - Cannot read IP mode file for Infineon.AIROC-Wi-Fi-Bluetooth-STM32.1.7.0
2025-09-17 22:12:09,626 [WARN] PackLoader:240 - Cannot read IP mode file for STMicroelectronics.X-CUBE-AZRTOS-H7.3.4.0
2025-09-17 22:12:09,649 [WARN] PackLoader:240 - Cannot read IP mode file for STMicroelectronics.X-CUBE-DISPLAY.3.0.0
2025-09-17 22:12:09,665 [WARN] PackLoader:240 - Cannot read IP mode file for STMicroelectronics.X-CUBE-BLE1.7.0.0
2025-09-17 22:12:09,677 [WARN] PackLoader:240 - Cannot read IP mode file for STMicroelectronics.X-CUBE-NFC10.1.0.0
2025-09-17 22:12:09,697 [WARN] PackLoader:240 - Cannot read IP mode file for STMicroelectronics.X-CUBE-BLEMGR.4.0.0
2025-09-17 22:12:09,711 [WARN] PackLoader:240 - Cannot read IP mode file for emotas.I-CUBE-CANOPEN.1.3.0
2025-09-17 22:12:09,718 [WARN] PackLoader:240 - Cannot read IP mode file for STMicroelectronics.X-CUBE-AI.10.0.0
2025-09-17 22:12:09,731 [WARN] PackLoader:240 - Cannot read IP mode file for STMicroelectronics.FP-SNS-STBOX1.2.1.0
2025-09-17 22:12:09,742 [WARN] PackLoader:240 - Cannot read IP mode file for STMicroelectronics.FP-SNS-SMARTAG2.1.2.0
2025-09-17 22:12:09,751 [WARN] PackLoader:240 - Cannot read IP mode file for STMicroelectronics.FP-SNS-FLIGHT1.5.1.0
2025-09-17 22:12:09,825 [WARN] PackLoader:240 - Cannot read IP mode file for STMicroelectronics.X-CUBE-MEMS1.11.1.0
2025-09-17 22:12:10,138 [INFO] LogOutputStream:77 - [STDOUT_REDIRECT] 1 : Invalid condition id : UX_CORESTACK_Condition cause : null
2025-09-17 22:12:10,140 [INFO] LogOutputStream:77 - [STDOUT_REDIRECT] 1 : Invalid condition id : UX_CORESTACK_Condition cause : null
2025-09-17 22:12:10,143 [INFO] LogOutputStream:77 - [STDOUT_REDIRECT] 1 : Invalid condition id : UX_CORESTACK_Condition cause : null
2025-09-17 22:12:10,145 [INFO] LogOutputStream:77 - [STDOUT_REDIRECT] 1 : Invalid condition id : UX_CORESTACK_Condition cause : null
2025-09-17 22:12:10,148 [INFO] LogOutputStream:77 - [STDOUT_REDIRECT] 1 : Invalid condition id : UX_CORESTACK_Condition cause : null
2025-09-17 22:12:10,152 [WARN] PackLoader:240 - Cannot read IP mode file for STMicroelectronics.X-CUBE-AZRTOS-WL.2.0.0
2025-09-17 22:12:10,162 [WARN] PackLoader:240 - Cannot read IP mode file for STMicroelectronics.FP-SNS-MOTENV1.5.0.0
2025-09-17 22:12:10,172 [WARN] PackLoader:240 - Cannot read IP mode file for wolfSSL.I-CUBE-wolfMQTT.1.19.0
2025-09-17 22:12:10,189 [WARN] PackLoader:240 - Cannot read IP mode file for WES.I-CUBE-Cesium.1.3.0
2025-09-17 22:12:10,198 [WARN] PackLoader:240 - Cannot read IP mode file for STMicroelectronics.X-CUBE-BLE2.3.3.0
2025-09-17 22:12:10,210 [WARN] PackLoader:240 - Cannot read IP mode file for STMicroelectronics.X-CUBE-NFC9.1.0.0
2025-09-17 22:12:10,219 [WARN] PackLoader:240 - Cannot read IP mode file for STMicroelectronics.X-CUBE-BLE1.7.1.0
2025-09-17 22:12:10,228 [WARN] PackLoader:240 - Cannot read IP mode file for STMicroelectronics.X-CUBE-EEPRMA1.5.2.0
2025-09-17 22:12:10,238 [WARN] PackLoader:240 - Cannot read IP mode file for STMicroelectronics.X-CUBE-AI.10.1.0
2025-09-17 22:12:10,311 [WARN] PackLoader:240 - Cannot read IP mode file for STMicroelectronics.X-CUBE-MEMS1.11.2.0
2025-09-17 22:12:10,617 [WARN] PackLoader:240 - Cannot read IP mode file for STMicroelectronics.X-CUBE-AZRTOS-G0.1.1.0
2025-09-17 22:12:10,631 [WARN] PackLoader:240 - Cannot read IP mode file for STMicroelectronics.X-CUBE-SAFEA1.1.2.2
2025-09-17 22:12:10,641 [WARN] PackLoader:240 - Cannot read IP mode file for STMicroelectronics.X-CUBE-NFC4.3.0.0
2025-09-17 22:12:10,655 [WARN] PackLoader:240 - Cannot read IP mode file for EmbeddedOffice.I-CUBE-FS-RTOS.1.0.1
2025-09-17 22:12:10,665 [WARN] PackLoader:240 - Cannot read IP mode file for STMicroelectronics.X-CUBE-WB05N.2.0.0
2025-09-17 22:12:10,675 [WARN] PackLoader:240 - Cannot read IP mode file for STMicroelectronics.X-CUBE-TCPP.4.2.0
2025-09-17 22:12:10,686 [WARN] PackLoader:240 - Cannot read IP mode file for RealThread.X-CUBE-RT-Thread_Nano.4.1.1
2025-09-17 22:12:10,694 [WARN] PackLoader:240 - Cannot read IP mode file for STMicroelectronics.FP-ATR-SIGFOX1.3.2.0
2025-09-17 22:12:10,702 [WARN] ConditionMgr:438 - getConditionDescription Invalid condition id : Cortex-A Device cause : null
2025-09-17 22:12:10,730 [WARN] ConditionMgr:1044 - genDependencies : Invalid condition id : Cortex-A Device cause : null
2025-09-17 22:12:10,731 [WARN] ConditionMgr:1044 - genDependencies : Invalid condition id : Cortex-A Device cause : null
2025-09-17 22:12:10,731 [WARN] ConditionMgr:1044 - genDependencies : Invalid condition id : Cortex-A Device cause : null
2025-09-17 22:12:10,739 [WARN] PackLoader:240 - Cannot read IP mode file for STMicroelectronics.X-CUBE-EEPRMA1.5.1.0
2025-09-17 22:12:10,747 [WARN] PackLoader:240 - Cannot read IP mode file for wolfSSL.I-CUBE-wolfSSL.5.7.4
2025-09-17 22:12:10,757 [WARN] PackLoader:240 - Cannot read IP mode file for ITTIA_DB.I-CUBE-ITTIADB.8.9.0
2025-09-17 22:12:10,788 [WARN] PackLoader:240 - Cannot read IP mode file for STMicroelectronics.X-CUBE-ST67W61.1.0.0
2025-09-17 22:12:10,796 [WARN] PackLoader:240 - Cannot read IP mode file for STMicroelectronics.X-CUBE-AI.10.2.0
2025-09-17 22:12:10,833 [WARN] PackLoader:240 - Cannot read IP mode file for SEGGER.I-CUBE-embOS.1.3.1
2025-09-17 22:12:10,886 [WARN] PackLoader:240 - Cannot read IP mode file for STMicroelectronics.X-CUBE-ALGOBUILD.1.4.0
2025-09-17 22:12:10,953 [WARN] PackLoader:240 - Cannot read IP mode file for STMicroelectronics.X-CUBE-MEMS1.11.3.0
2025-09-17 22:12:11,138 [WARN] PackLoader:240 - Cannot read IP mode file for STMicroelectronics.X-CUBE-AI.9.1.0
2025-09-17 22:12:11,145 [WARN] PackLoader:240 - Cannot read IP mode file for STMicroelectronics.X-CUBE-PM33A1.1.0.0
2025-09-17 22:12:11,168 [WARN] PackLoader:240 - Cannot read IP mode file for STMicroelectronics.X-CUBE-AZRTOS-F4.1.1.0
2025-09-17 22:12:11,180 [WARN] PackLoader:240 - Cannot read IP mode file for Avnet-IotConnect.X-CUBE-IoTC-DA16k-PMOD.1.0.0
2025-09-17 22:12:11,188 [WARN] PackLoader:240 - Cannot read IP mode file for STMicroelectronics.X-CUBE-ISPU.2.1.0
2025-09-17 22:12:11,199 [WARN] PackLoader:240 - Cannot read IP mode file for STMicroelectronics.X-CUBE-NFC12.1.0.0
2025-09-17 22:12:11,224 [WARN] PackLoader:240 - Cannot read IP mode file for STMicroelectronics.X-CUBE-AZRTOS-L5.2.0.0
2025-09-17 22:12:11,238 [WARN] PackLoader:240 - Cannot read IP mode file for STMicroelectronics.X-CUBE-NFC6.3.1.0
2025-09-17 22:12:11,257 [WARN] PackLoader:240 - Cannot read IP mode file for STMicroelectronics.X-CUBE-DPower.1.2.0
2025-09-17 22:12:11,273 [WARN] PackLoader:240 - Cannot read IP mode file for STMicroelectronics.X-CUBE-FREERTOS.1.3.1
2025-09-17 22:12:11,280 [WARN] PackLoader:240 - Cannot read IP mode file for STMicroelectronics.X-CUBE-FREERTOS.1.3.0
2025-09-17 22:12:11,289 [WARN] PackLoader:240 - Cannot read IP mode file for STMicroelectronics.X-CUBE-NFC7.1.0.1
2025-09-17 22:12:11,299 [WARN] PackLoader:240 - Cannot read IP mode file for STMicroelectronics.X-CUBE-DPower.1.3.0
2025-09-17 22:12:11,325 [WARN] ConditionMgr:438 - getConditionDescription Invalid condition id : LAN8742 Phy interface Condition cause : null
2025-09-17 22:12:11,326 [WARN] PackLoader:240 - Cannot read IP mode file for STMicroelectronics.X-CUBE-AZRTOS-L4.2.0.0
2025-09-17 22:12:11,328 [WARN] ConditionMgr:1044 - genDependencies : Invalid condition id : LAN8742 Phy interface Condition cause : null
2025-09-17 22:12:11,328 [WARN] ConditionMgr:1044 - genDependencies : Invalid condition id : LAN8742 Phy interface Condition cause : null
2025-09-17 22:12:11,329 [WARN] ConditionMgr:1044 - genDependencies : Invalid condition id : LAN8742 Phy interface Condition cause : null
2025-09-17 22:12:11,378 [WARN] PackLoader:240 - Cannot read IP mode file for STMicroelectronics.X-CUBE-SFXS2LP1.4.0.0
2025-09-17 22:12:11,415 [WARN] PackLoader:240 - Cannot read IP mode file for STMicroelectronics.X-CUBE-AZRTOS-H7.3.3.0
2025-09-17 22:12:11,438 [WARN] ConditionMgr:438 - getConditionDescription Invalid condition id : UX DEVICE CLASS RTOS Condition cause : null
2025-09-17 22:12:11,438 [WARN] ConditionMgr:438 - getConditionDescription Invalid condition id : UX DEVICE CLASS RTOS Condition cause : null
2025-09-17 22:12:11,441 [WARN] PackLoader:240 - Cannot read IP mode file for STMicroelectronics.X-CUBE-AZRTOS-WB.2.0.0
2025-09-17 22:12:11,442 [WARN] ConditionMgr:1044 - genDependencies : Invalid condition id : UX DEVICE CLASS RTOS Condition cause : null
2025-09-17 22:12:11,442 [WARN] ConditionMgr:1044 - genDependencies : Invalid condition id : UX DEVICE CLASS RTOS Condition cause : null
2025-09-17 22:12:11,443 [WARN] ConditionMgr:1044 - genDependencies : Invalid condition id : UX DEVICE CLASS RTOS Condition cause : null
2025-09-17 22:12:11,443 [WARN] ConditionMgr:1044 - genDependencies : Invalid condition id : UX DEVICE CLASS RTOS Condition cause : null
2025-09-17 22:12:11,444 [WARN] ConditionMgr:1044 - genDependencies : Invalid condition id : UX DEVICE CLASS RTOS Condition cause : null
2025-09-17 22:12:11,453 [WARN] PackLoader:240 - Cannot read IP mode file for STMicroelectronics.X-CUBE-GNSS1.7.0.1
2025-09-17 22:12:11,468 [WARN] PackLoader:240 - Cannot read IP mode file for STMicroelectronics.X-CUBE-TOUCHGFX.4.25.0
2025-09-17 22:12:11,478 [WARN] PackLoader:240 - Cannot read IP mode file for STMicroelectronics.FP-SNS-STBOX1.2.0.0
2025-09-17 22:12:11,497 [WARN] PackLoader:240 - Cannot read IP mode file for STMicroelectronics.X-CUBE-SUBG2.5.0.0
2025-09-17 22:12:11,530 [WARN] PackLoader:240 - Cannot read IP mode file for STMicroelectronics.X-CUBE-AZRTOS-H7RS.1.1.0
2025-09-17 22:12:11,542 [WARN] PackLoader:240 - Cannot read IP mode file for Cesanta.I-CUBE-Mongoose.7.13.0
2025-09-17 22:12:11,561 [WARN] PackLoader:240 - Cannot read IP mode file for STMicroelectronics.X-CUBE-AZRTOS-G4.2.0.0
2025-09-17 22:12:11,570 [WARN] PackLoader:240 - Cannot read IP mode file for STMicroelectronics.X-CUBE-NFC7.2.0.0
2025-09-17 22:12:11,588 [WARN] PackLoader:240 - Cannot read IP mode file for STMicroelectronics.X-CUBE-IPS.3.1.0
2025-09-17 22:12:11,601 [WARN] PackLoader:240 - Cannot read IP mode file for STMicroelectronics.X-CUBE-ALS.1.0.2
2025-09-17 22:12:11,607 [WARN] PackLoader:240 - Cannot read IP mode file for STMicroelectronics.X-CUBE-TOUCHGFX.4.24.2
2025-09-17 22:12:11,617 [WARN] PackLoader:240 - Cannot read IP mode file for STMicroelectronics.X-CUBE-STSE01.1.0.0
2025-09-17 22:12:11,626 [WARN] PackLoader:240 - Cannot read IP mode file for wolfSSL.I-CUBE-wolfTPM.3.4.0
2025-09-17 22:12:11,637 [WARN] PackLoader:240 - Cannot read IP mode file for portGmbH.I-Cube-SoM-uGOAL.1.1.0
2025-09-17 22:12:11,670 [WARN] PackLoader:240 - Cannot read IP mode file for STMicroelectronics.X-CUBE-AZRTOS-H7RS.1.0.0
2025-09-17 22:12:11,687 [WARN] PackLoader:240 - Cannot read IP mode file for STMicroelectronics.X-CUBE-TOF1.3.4.2
2025-09-17 22:12:11,715 [WARN] PackLoader:240 - Cannot read IP mode file for STMicroelectronics.X-CUBE-TOF1.3.4.3
2025-09-17 22:12:11,738 [WARN] PackLoader:240 - Cannot read IP mode file for wolfSSL.I-CUBE-wolfSSH.1.4.17
2025-09-17 22:12:11,740 [INFO] ThirdParty:978 - Integrity check success = true
2025-09-17 22:12:11,740 [INFO] IntegrityCheckThread:100 - exiting critical section [integrity check]
2025-09-17 22:12:11,740 [INFO] IntegrityCheckThread:103 - End integrity checks thread
2025-09-17 22:12:12,660 [INFO] WebApp:463 - Apply proxy settings
2025-09-17 22:12:12,660 [INFO] WebApp:548 - Chromium requires no authentication
2025-09-17 22:12:12,679 [INFO] WebApp:491 - Direct internet connection detected
2025-09-17 22:12:12,724 [INFO] WebApp:900 - Register for checkConnection events
2025-09-17 22:12:12,724 [INFO] WebApp:463 - Apply proxy settings
2025-09-17 22:12:12,724 [INFO] WebApp:548 - Chromium requires no authentication
2025-09-17 22:12:12,725 [INFO] WebApp:491 - Direct internet connection detected
2025-09-17 22:12:13,045 [INFO] WebApp:225 - Starting web application
2025-09-17 22:12:13,045 [INFO] WebApp:593 - Web application path used C:\ST\STM32CubeIDE_1.18.0\STM32CubeIDE\plugins\com.st.stm32cube.common.mx_6.15.0.202507011659\db\plugins\mcufinder\reactClient1\index.html
2025-09-17 22:12:13,222 [INFO] UserAuth:487 - Internet connection configuration mode: 1
2025-09-17 22:12:13,344 [INFO] WebApp:191 - Connection restablished
